<?xml version="1.0" encoding="UTF-8"?>
<testng-results skipped="0" failed="1" total="1" passed="0">
  <reporter-output>
  </reporter-output>
  <suite name="UI Automation Suite" duration-ms="65006" started-at="2016-06-19T08:04:29Z" finished-at="2016-06-19T08:05:34Z">
    <groups>
    </groups>
    <test name="TestBaidu" duration-ms="65006" started-at="2016-06-19T08:04:29Z" finished-at="2016-06-19T08:05:34Z">
      <class name="com.test.testcase.TestUI">
        <test-method status="PASS" signature="setUp()[pri:0, instance:com.test.testcase.TestUI@db96ac]" name="setUp" is-config="true" duration-ms="3780" started-at="2016-06-19T16:04:29Z" finished-at="2016-06-19T16:04:33Z">
          <reporter-output>
          </reporter-output>
        </test-method> <!-- setUp -->
        <test-method status="PASS" signature="getTestCaseName(java.lang.String)[pri:0, instance:com.test.testcase.TestUI@db96ac]" name="getTestCaseName" is-config="true" duration-ms="27924" started-at="2016-06-19T16:04:33Z" finished-at="2016-06-19T16:05:01Z">
          <params>
            <param index="0">
              <value>
                <![CDATA[TestBaidu]]>
              </value>
            </param>
          </params>
          <reporter-output>
          </reporter-output>
        </test-method> <!-- getTestCaseName -->
        <test-method status="FAIL" signature="testUI(java.util.Map)[pri:0, instance:com.test.testcase.TestUI@db96ac]" name="testUI" duration-ms="26822" started-at="2016-06-19T16:05:03Z" data-provider="dataProvider" finished-at="2016-06-19T16:05:30Z">
          <params>
            <param index="0">
              <value>
                <![CDATA[{文本值=value, 百度链接=http://www.baidu.com, 输入1=hello world, description=test demo for 1, 期望值=hello worldhello world, 输入2=hello world1, url=http://www.baidu.com}]]>
              </value>
            </param>
          </params>
          <exception class="java.lang.IllegalStateException">
            <message>
              <![CDATA[No match found]]>
            </message>
            <full-stacktrace>
              <![CDATA[java.lang.IllegalStateException: No match found
	at java.util.regex.Matcher.group(Unknown Source)
	at java.util.regex.Matcher.group(Unknown Source)
	at com.test.control.RegExp.find(RegExp.java:18)
	at com.test.control.RegExp.objectName(RegExp.java:105)
	at com.test.control.RegExp.parameterName(RegExp.java:223)
	at com.test.widget.Open.open(Open.java:41)
	at com.test.control.TestCaseDefined.selectObjectByKeyword(TestCaseDefined.java:128)
	at com.test.control.TestCaseDefined.run(TestCaseDefined.java:93)
	at com.test.control.TestCaseDefined.run(TestCaseDefined.java:78)
	at com.test.testcase.TestUI.testUI(TestUI.java:15)
	at sun.reflect.NativeMethodAccessorImpl.invoke0(Native Method)
	at sun.reflect.NativeMethodAccessorImpl.invoke(Unknown Source)
	at sun.reflect.DelegatingMethodAccessorImpl.invoke(Unknown Source)
	at java.lang.reflect.Method.invoke(Unknown Source)
	at org.testng.internal.MethodInvocationHelper.invokeMethod(MethodInvocationHelper.java:85)
	at org.testng.internal.Invoker.invokeMethod(Invoker.java:639)
	at org.testng.internal.Invoker.invokeTestMethod(Invoker.java:816)
	at org.testng.internal.Invoker.invokeTestMethods(Invoker.java:1124)
	at org.testng.internal.TestMethodWorker.invokeTestMethods(TestMethodWorker.java:125)
	at org.testng.internal.TestMethodWorker.run(TestMethodWorker.java:108)
	at org.testng.TestRunner.privateRun(TestRunner.java:774)
	at org.testng.TestRunner.run(TestRunner.java:624)
	at org.testng.SuiteRunner.runTest(SuiteRunner.java:359)
	at org.testng.SuiteRunner.access$000(SuiteRunner.java:39)
	at org.testng.SuiteRunner$SuiteWorker.run(SuiteRunner.java:393)
	at org.testng.internal.thread.ThreadUtil$2.call(ThreadUtil.java:64)
	at java.util.concurrent.FutureTask.run(Unknown Source)
	at java.util.concurrent.ThreadPoolExecutor.runWorker(Unknown Source)
	at java.util.concurrent.ThreadPoolExecutor$Worker.run(Unknown Source)
	at java.lang.Thread.run(Unknown Source)
]]>
            </full-stacktrace>
          </exception> <!-- java.lang.IllegalStateException -->
          <reporter-output>
          </reporter-output>
        </test-method> <!-- testUI -->
        <test-method status="PASS" signature="tearDown()[pri:0, instance:com.test.testcase.TestUI@db96ac]" name="tearDown" is-config="true" duration-ms="1586" started-at="2016-06-19T16:05:33Z" finished-at="2016-06-19T16:05:34Z">
          <reporter-output>
          </reporter-output>
        </test-method> <!-- tearDown -->
      </class> <!-- com.test.testcase.TestUI -->
    </test> <!-- TestBaidu -->
  </suite> <!-- UI Automation Suite -->
</testng-results>
