<?xml version="1.0" encoding="UTF-8"?>
<!-- Generated by org.testng.reporters.JUnitXMLReporter -->
<testsuite hostname="HARYA-PC" name="Qunar" tests="1" failures="1" timestamp="18 Jun 2016 10:46:08 GMT" time="31.397" errors="0">
  <testcase name="testUI" time="23.928" classname="com.test.testcase.TestUI">
    <failure type="java.lang.NullPointerException">
      <![CDATA[java.lang.NullPointerException
	at com.test.widget.Excute.excute(Excute.java:77)
	at com.test.control.TestCaseDefined.selectObjectByKeyword(TestCaseDefined.java:140)
	at com.test.control.TestCaseDefined.run(TestCaseDefined.java:93)
	at com.test.control.TestCaseDefined.run(TestCaseDefined.java:78)
	at com.test.testcase.TestUI.testUI(TestUI.java:14)
	at java.util.concurrent.FutureTask.run(Unknown Source)
	at java.util.concurrent.ThreadPoolExecutor.runWorker(Unknown Source)
	at java.util.concurrent.ThreadPoolExecutor$Worker.run(Unknown Source)
	at java.lang.Thread.run(Unknown Source)
... Removed 16 stack frames]]>
    </failure>
  </testcase> <!-- testUI -->
</testsuite> <!-- Qunar -->
