<?xml version="1.0" encoding="UTF-8"?>
<!-- Generated by org.testng.reporters.JUnitXMLReporter -->
<testsuite hostname="HARYA-PC" name="TestBaidu" tests="1" failures="1" timestamp="19 Jun 2016 08:05:34 GMT" time="65.006" errors="0">
  <testcase name="testUI" time="26.822" classname="com.test.testcase.TestUI">
    <failure type="java.lang.IllegalStateException" message="No match found">
      <![CDATA[java.lang.IllegalStateException: No match found
	at java.util.regex.Matcher.group(Unknown Source)
	at java.util.regex.Matcher.group(Unknown Source)
	at com.test.control.RegExp.find(RegExp.java:18)
	at com.test.control.RegExp.objectName(RegExp.java:105)
	at com.test.control.RegExp.parameterName(RegExp.java:223)
	at com.test.widget.Open.open(Open.java:41)
	at com.test.control.TestCaseDefined.selectObjectByKeyword(TestCaseDefined.java:128)
	at com.test.control.TestCaseDefined.run(TestCaseDefined.java:93)
	at com.test.control.TestCaseDefined.run(TestCaseDefined.java:78)
	at com.test.testcase.TestUI.testUI(TestUI.java:15)
	at java.util.concurrent.FutureTask.run(Unknown Source)
	at java.util.concurrent.ThreadPoolExecutor.runWorker(Unknown Source)
	at java.util.concurrent.ThreadPoolExecutor$Worker.run(Unknown Source)
	at java.lang.Thread.run(Unknown Source)
... Removed 16 stack frames]]>
    </failure>
  </testcase> <!-- testUI -->
</testsuite> <!-- TestBaidu -->
