<?xml version="1.0" encoding="UTF-8"?>
<!-- Generated by org.testng.reporters.JUnitXMLReporter -->
<testsuite hostname="HARYA-PC" name="TestBaidu" tests="1" failures="1" timestamp="19 Jun 2016 01:37:27 GMT" time="472.239" errors="0">
  <testcase name="testUI" time="455.332" classname="com.test.testcase.TestUI">
    <failure type="java.lang.IndexOutOfBoundsException" message="Index: 0, Size: 0">
      <![CDATA[java.lang.IndexOutOfBoundsException: Index: 0, Size: 0
	at java.util.ArrayList.rangeCheck(Unknown Source)
	at java.util.ArrayList.get(Unknown Source)
	at com.test.widget.Open.open(Open.java:41)
	at com.test.control.TestCaseDefined.selectObjectByKeyword(TestCaseDefined.java:127)
	at com.test.control.TestCaseDefined.run(TestCaseDefined.java:93)
	at com.test.control.TestCaseDefined.run(TestCaseDefined.java:78)
	at com.test.testcase.TestUI.testUI(TestUI.java:14)
	at java.util.concurrent.FutureTask.run(Unknown Source)
	at java.util.concurrent.ThreadPoolExecutor.runWorker(Unknown Source)
	at java.util.concurrent.ThreadPoolExecutor$Worker.run(Unknown Source)
	at java.lang.Thread.run(Unknown Source)
... Removed 16 stack frames]]>
    </failure>
  </testcase> <!-- testUI -->
</testsuite> <!-- TestBaidu -->
