<?xml version="1.0" encoding="UTF-8"?>
<!-- Generated by org.testng.reporters.JUnitXMLReporter -->
<testsuite hostname="AM-20160126PVBP" name="TestBaidu1" tests="1" failures="1" timestamp="8 Jun 2016 05:37:06 GMT" time="16.412" errors="0">
  <testcase name="testUI" time="10.366" classname="com.test.testcase.TestUI">
    <failure type="java.lang.NullPointerException">
      <![CDATA[java.lang.NullPointerException
	at com.test.widget.Excute.excute(Excute.java:77)
	at com.test.control.TestCaseDefined.selectObjectByKeyword(TestCaseDefined.java:136)
	at com.test.control.TestCaseDefined.run(TestCaseDefined.java:89)
	at com.test.control.TestCaseDefined.run(TestCaseDefined.java:78)
	at com.test.testcase.TestUI.testUI(TestUI.java:14)
	at com.test.run.RunControl.runTestNG(RunControl.java:110)
	at com.test.run.Run.main(Run.java:10)
... Removed 21 stack frames]]>
    </failure>
  </testcase> <!-- testUI -->
</testsuite> <!-- TestBaidu1 -->
